2025-08-07 20:40:57,697 - INFO - python-dotenv를 사용하여 .env 파일 로드
2025-08-07 20:40:57,697 - INFO - 데이터베이스 설정 로드: postgres@localhost:5432/appdb
2025-08-07 20:40:57,697 - INFO - ==================================================
2025-08-07 20:40:57,697 - INFO - CICLONE backup.sql 마이그레이션 시작
2025-08-07 20:40:57,697 - INFO - 소스 파일: backup.sql
2025-08-07 20:40:57,697 - INFO - 대상 DB: localhost:5432/ciclone_prod
2025-08-07 20:40:57,697 - INFO - ==================================================
2025-08-07 20:40:57,697 - INFO - 백업 파일 크기: 0.27 MB
2025-08-07 20:40:57,697 - INFO - PostgreSQL 백업 파일 형식 확인
2025-08-07 20:40:57,798 - INFO - 새 데이터베이스 생성: ciclone_prod
2025-08-07 20:40:57,810 - INFO - 대상 데이터베이스에 연결 성공: localhost:5432/ciclone_prod
2025-08-07 20:40:57,811 - INFO - 기존 데이터 백업 시작: backup_ciclone_prod_20250807_204057.sql
2025-08-07 20:40:57,920 - INFO - 기존 데이터 백업 완료: backup_ciclone_prod_20250807_204057.sql (0.00 MB)
2025-08-07 20:40:57,921 - INFO - 백업 파일 복원 시작...
2025-08-07 20:40:58,200 - INFO - 백업 파일 복원 완료
2025-08-07 20:40:58,201 - INFO - === 마이그레이션 검증 결과 ===
2025-08-07 20:40:58,206 - INFO - ✅ 테이블 device: 0개 레코드
2025-08-07 20:40:58,207 - INFO - ✅ 테이블 logs: 0개 레코드
2025-08-07 20:40:58,208 - INFO - ✅ 테이블 model: 0개 레코드
2025-08-07 20:40:58,210 - INFO - ✅ 테이블 position: 0개 레코드
2025-08-07 20:40:58,211 - INFO - ✅ 테이블 sensor: 0개 레코드
2025-08-07 20:40:58,213 - INFO - ✅ 테이블 simulation: 0개 레코드
2025-08-07 20:40:58,215 - INFO - ✅ 테이블 station: 0개 레코드
2025-08-07 20:40:58,216 - INFO - ✅ 테이블 user: 0개 레코드
2025-08-07 20:40:58,216 - INFO - 총 0개 레코드가 마이그레이션되었습니다.
2025-08-07 20:40:58,216 - INFO - ==================================================
2025-08-07 20:40:58,216 - INFO - ✅ 마이그레이션 완료!
2025-08-07 20:40:58,216 - INFO - 📁 기존 데이터 백업: backup_ciclone_prod_20250807_204057.sql
2025-08-07 20:40:58,216 - INFO - ==================================================
